  Killing any running python_d.exe instances...
  Getting build info from git
  Building heads/master-dirty:961487c master
C:\Users\jay\Documents\projects\desktop\src\runtime-envs\python-3.7-source\PCbuild\pythoncore.vcxproj(461,5): warning : Not including zlib is not a supported configuration.
  _abc.c
  _asynciomodule.c
  _bisectmodule.c
  blake2module.c
  blake2b_impl.c
  blake2s_impl.c
  _codecsmodule.c
  _collectionsmodule.c
  _contextvarsmodule.c
  _csv.c
  _functoolsmodule.c
  _heapqmodule.c
  _json.c
  _localemodule.c
  _lsprof.c
  _math.c
  _pickle.c
  _randommodule.c
  sha3module.c
  _sre.c
  Generating Code...
  Compiling...
  _stat.c
  _struct.c
  _weakref.c
  arraymodule.c
  atexitmodule.c
  audioop.c
  binascii.c
  cmathmodule.c
  _datetimemodule.c
  errnomodule.c
  faulthandler.c
  gcmodule.c
..\Modules\gcmodule.c(975): warning C4244: 'function': conversion from 'Py_ssize_t' to 'int', possible loss of data
  hashtable.c
  itertoolsmodule.c
  main.c
  mathmodule.c
  md5module.c
  mmapmodule.c
  _opcode.c
  _operator.c
  Generating Code...
  Compiling...
  parsermodule.c
  posixmodule.c
  rotatingtree.c
  sha1module.c
  sha256module.c
  sha512module.c
  signalmodule.c
  symtablemodule.c
  _threadmodule.c
  _tracemalloc.c
  timemodule.c
  xxsubtype.c
  zipimport.c
  fileio.c
  bytesio.c
  stringio.c
  bufferedio.c
  iobase.c
  textio.c
  winconsoleio.c
  Generating Code...
  Compiling...
  _iomodule.c
  _codecs_cn.c
  _codecs_hk.c
  _codecs_iso2022.c
  _codecs_jp.c
  _codecs_kr.c
  _codecs_tw.c
  multibytecodec.c
  _winapi.c
  abstract.c
  accu.c
  boolobject.c
  bytearrayobject.c
  bytes_methods.c
  bytesobject.c
  call.c
  capsule.c
  cellobject.c
  classobject.c
  codeobject.c
  Generating Code...
  Compiling...
  complexobject.c
  descrobject.c
  dictobject.c
  enumobject.c
  exceptions.c
  fileobject.c
  floatobject.c
  frameobject.c
  funcobject.c
  genobject.c
  iterobject.c
  listobject.c
  longobject.c
  memoryobject.c
  methodobject.c
  moduleobject.c
  namespaceobject.c
  object.c
  obmalloc.c
  odictobject.c
  Generating Code...
  Compiling...
  rangeobject.c
  setobject.c
  sliceobject.c
  structseq.c
  tupleobject.c
  typeobject.c
  unicodectype.c
  unicodeobject.c
  weakrefobject.c
  acceler.c
  bitset.c
  firstsets.c
  grammar.c
  grammar1.c
  listnode.c
  metagrammar.c
  myreadline.c
  node.c
  parser.c
  parsetok.c
  Generating Code...
  Compiling...
  tokenizer.c
  invalid_parameter_handler.c
  winreg.c
  config.c
  getpathp.c
  msvcrtmodule.c
  pyhash.c
  _warnings.c
  asdl.c
  ast.c
..\Python\ast.c(4277): warning C4244: '+=': conversion from '__int64' to 'int', possible loss of data
  ast_opt.c
  ast_unparse.c
  bltinmodule.c
  bootstrap_hash.c
  ceval.c
  codecs.c
  compile.c
  context.c
  dynamic_annotations.c
  dynload_win.c
  Generating Code...
  Compiling...
  errors.c
  fileutils.c
  formatter_unicode.c
  frozen.c
  future.c
  getargs.c
  getcompiler.c
  getcopyright.c
  getopt.c
  getplatform.c
  getversion.c
  graminit.c
  hamt.c
  import.c
  importdl.c
  marshal.c
  modsupport.c
  mysnprintf.c
  mystrtoul.c
  pathconfig.c
  Generating Code...
  Compiling...
  peephole.c
..\Python\peephole.c(162): warning C4244: 'function': conversion from 'Py_ssize_t' to 'unsigned int', possible loss of data
..\Python\peephole.c(360): warning C4267: 'function': conversion from 'size_t' to 'unsigned int', possible loss of data
..\Python\peephole.c(393): warning C4267: '=': conversion from 'size_t' to 'unsigned int', possible loss of data
..\Python\peephole.c(400): warning C4244: '-=': conversion from 'Py_ssize_t' to 'unsigned int', possible loss of data
..\Python\peephole.c(425): warning C4244: '=': conversion from 'Py_ssize_t' to 'unsigned int', possible loss of data
..\Python\peephole.c(478): warning C4244: 'function': conversion from 'Py_ssize_t' to 'int', possible loss of data
  pyarena.c
  pyctype.c
  pyfpe.c
  pylifecycle.c
  pymath.c
  pytime.c
  pystate.c
  pystrcmp.c
  pystrhex.c
  pystrtod.c
  dtoa.c
  Python-ast.c
  pythonrun.c
  structmember.c
  symtable.c
  sysmodule.c
  thread.c
  traceback.c
  dl_nt.c
  Generating Code...
  getbuildinfo.c
     Creating library C:\Users\jay\Documents\projects\desktop\src\runtime-envs\python-3.7-source\PCbuild\amd64\python37_d.lib and object C:\Users\jay\Documents\projects\desktop\src\runtime-envs\python-3.7-source\PCbuild\amd64\python37_d.exp
  pythoncore.vcxproj -> C:\Users\jay\Documents\projects\desktop\src\runtime-envs\python-3.7-source\PCbuild\amd64\python37_d.dll
