  64 bit Processing ..\PC\pyshellext.idl
  pyshellext.idl
  64 bit Processing C:\Program Files (x86)\Windows Kits\10\Include\10.0.16299.0\um\ocidl.idl
  ocidl.idl
  64 bit Processing C:\Program Files (x86)\Windows Kits\10\Include\10.0.16299.0\um\oleidl.idl
  oleidl.idl
  64 bit Processing C:\Program Files (x86)\Windows Kits\10\Include\10.0.16299.0\um\objidl.idl
  objidl.idl
  64 bit Processing C:\Program Files (x86)\Windows Kits\10\Include\10.0.16299.0\um\unknwn.idl
  unknwn.idl
  64 bit Processing C:\Program Files (x86)\Windows Kits\10\Include\10.0.16299.0\shared\wtypes.idl
  wtypes.idl
  64 bit Processing C:\Program Files (x86)\Windows Kits\10\Include\10.0.16299.0\shared\wtypesbase.idl
  wtypesbase.idl
  64 bit Processing C:\Program Files (x86)\Windows Kits\10\Include\10.0.16299.0\shared\basetsd.h
  basetsd.h
  64 bit Processing C:\Program Files (x86)\Windows Kits\10\Include\10.0.16299.0\shared\guiddef.h
  guiddef.h
  64 bit Processing C:\Program Files (x86)\Windows Kits\10\Include\10.0.16299.0\um\oaidl.idl
  oaidl.idl
  64 bit Processing C:\Program Files (x86)\Windows Kits\10\Include\10.0.16299.0\um\servprov.idl
  servprov.idl
  64 bit Processing C:\Program Files (x86)\Windows Kits\10\Include\10.0.16299.0\um\urlmon.idl
  urlmon.idl
  64 bit Processing C:\Program Files (x86)\Windows Kits\10\Include\10.0.16299.0\um\msxml.idl
  msxml.idl
  64 bit Processing C:\Program Files (x86)\Windows Kits\10\Include\10.0.16299.0\um\oaidl.acf
  oaidl.acf
  64 bit Processing C:\Program Files (x86)\Windows Kits\10\Include\10.0.16299.0\um\ocidl.acf
  ocidl.acf
  pyshellext.cpp
  pyshellext_i.c
     Creating library C:\Users\jay\Documents\projects\desktop\src\runtime-envs\python-3.7-source\PCbuild\amd64\pyshellext.lib and object C:\Users\jay\Documents\projects\desktop\src\runtime-envs\python-3.7-source\PCbuild\amd64\pyshellext.exp
  Generating code
  Finished generating code
  pyshellext.vcxproj -> C:\Users\jay\Documents\projects\desktop\src\runtime-envs\python-3.7-source\PCbuild\amd64\pyshellext.dll
