  tuklib_cpucores.c
c1 : fatal error C1083: Cannot open source file: 'C:\Users\jay\Documents\projects\desktop\src\runtime-envs\python-3.7-source\externals\xz-5.2.2\src\common\tuklib_cpucores.c': No such file or directory
  tuklib_physmem.c
c1 : fatal error C1083: Cannot open source file: 'C:\Users\jay\Documents\projects\desktop\src\runtime-envs\python-3.7-source\externals\xz-5.2.2\src\common\tuklib_physmem.c': No such file or directory
  check.c
c1 : fatal error C1083: Cannot open source file: 'C:\Users\jay\Documents\projects\desktop\src\runtime-envs\python-3.7-source\externals\xz-5.2.2\src\liblzma\check\check.c': No such file or directory
  crc32_fast.c
c1 : fatal error C1083: Cannot open source file: 'C:\Users\jay\Documents\projects\desktop\src\runtime-envs\python-3.7-source\externals\xz-5.2.2\src\liblzma\check\crc32_fast.c': No such file or directory
  crc32_table.c
c1 : fatal error C1083: Cannot open source file: 'C:\Users\jay\Documents\projects\desktop\src\runtime-envs\python-3.7-source\externals\xz-5.2.2\src\liblzma\check\crc32_table.c': No such file or directory
  crc64_fast.c
c1 : fatal error C1083: Cannot open source file: 'C:\Users\jay\Documents\projects\desktop\src\runtime-envs\python-3.7-source\externals\xz-5.2.2\src\liblzma\check\crc64_fast.c': No such file or directory
  crc64_table.c
c1 : fatal error C1083: Cannot open source file: 'C:\Users\jay\Documents\projects\desktop\src\runtime-envs\python-3.7-source\externals\xz-5.2.2\src\liblzma\check\crc64_table.c': No such file or directory
  sha256.c
c1 : fatal error C1083: Cannot open source file: 'C:\Users\jay\Documents\projects\desktop\src\runtime-envs\python-3.7-source\externals\xz-5.2.2\src\liblzma\check\sha256.c': No such file or directory
  alone_decoder.c
c1 : fatal error C1083: Cannot open source file: 'C:\Users\jay\Documents\projects\desktop\src\runtime-envs\python-3.7-source\externals\xz-5.2.2\src\liblzma\common\alone_decoder.c': No such file or directory
  alone_encoder.c
c1 : fatal error C1083: Cannot open source file: 'C:\Users\jay\Documents\projects\desktop\src\runtime-envs\python-3.7-source\externals\xz-5.2.2\src\liblzma\common\alone_encoder.c': No such file or directory
  auto_decoder.c
c1 : fatal error C1083: Cannot open source file: 'C:\Users\jay\Documents\projects\desktop\src\runtime-envs\python-3.7-source\externals\xz-5.2.2\src\liblzma\common\auto_decoder.c': No such file or directory
  block_buffer_decoder.c
c1 : fatal error C1083: Cannot open source file: 'C:\Users\jay\Documents\projects\desktop\src\runtime-envs\python-3.7-source\externals\xz-5.2.2\src\liblzma\common\block_buffer_decoder.c': No such file or directory
  block_buffer_encoder.c
c1 : fatal error C1083: Cannot open source file: 'C:\Users\jay\Documents\projects\desktop\src\runtime-envs\python-3.7-source\externals\xz-5.2.2\src\liblzma\common\block_buffer_encoder.c': No such file or directory
  block_decoder.c
c1 : fatal error C1083: Cannot open source file: 'C:\Users\jay\Documents\projects\desktop\src\runtime-envs\python-3.7-source\externals\xz-5.2.2\src\liblzma\common\block_decoder.c': No such file or directory
  block_encoder.c
c1 : fatal error C1083: Cannot open source file: 'C:\Users\jay\Documents\projects\desktop\src\runtime-envs\python-3.7-source\externals\xz-5.2.2\src\liblzma\common\block_encoder.c': No such file or directory
  block_header_decoder.c
c1 : fatal error C1083: Cannot open source file: 'C:\Users\jay\Documents\projects\desktop\src\runtime-envs\python-3.7-source\externals\xz-5.2.2\src\liblzma\common\block_header_decoder.c': No such file or directory
  block_header_encoder.c
c1 : fatal error C1083: Cannot open source file: 'C:\Users\jay\Documents\projects\desktop\src\runtime-envs\python-3.7-source\externals\xz-5.2.2\src\liblzma\common\block_header_encoder.c': No such file or directory
  block_util.c
c1 : fatal error C1083: Cannot open source file: 'C:\Users\jay\Documents\projects\desktop\src\runtime-envs\python-3.7-source\externals\xz-5.2.2\src\liblzma\common\block_util.c': No such file or directory
  common.c
c1 : fatal error C1083: Cannot open source file: 'C:\Users\jay\Documents\projects\desktop\src\runtime-envs\python-3.7-source\externals\xz-5.2.2\src\liblzma\common\common.c': No such file or directory
  easy_buffer_encoder.c
c1 : fatal error C1083: Cannot open source file: 'C:\Users\jay\Documents\projects\desktop\src\runtime-envs\python-3.7-source\externals\xz-5.2.2\src\liblzma\common\easy_buffer_encoder.c': No such file or directory
  Generating Code...
  Compiling...
  easy_decoder_memusage.c
c1 : fatal error C1083: Cannot open source file: 'C:\Users\jay\Documents\projects\desktop\src\runtime-envs\python-3.7-source\externals\xz-5.2.2\src\liblzma\common\easy_decoder_memusage.c': No such file or directory
  easy_encoder.c
c1 : fatal error C1083: Cannot open source file: 'C:\Users\jay\Documents\projects\desktop\src\runtime-envs\python-3.7-source\externals\xz-5.2.2\src\liblzma\common\easy_encoder.c': No such file or directory
  easy_encoder_memusage.c
c1 : fatal error C1083: Cannot open source file: 'C:\Users\jay\Documents\projects\desktop\src\runtime-envs\python-3.7-source\externals\xz-5.2.2\src\liblzma\common\easy_encoder_memusage.c': No such file or directory
  easy_preset.c
c1 : fatal error C1083: Cannot open source file: 'C:\Users\jay\Documents\projects\desktop\src\runtime-envs\python-3.7-source\externals\xz-5.2.2\src\liblzma\common\easy_preset.c': No such file or directory
  filter_buffer_decoder.c
c1 : fatal error C1083: Cannot open source file: 'C:\Users\jay\Documents\projects\desktop\src\runtime-envs\python-3.7-source\externals\xz-5.2.2\src\liblzma\common\filter_buffer_decoder.c': No such file or directory
  filter_buffer_encoder.c
c1 : fatal error C1083: Cannot open source file: 'C:\Users\jay\Documents\projects\desktop\src\runtime-envs\python-3.7-source\externals\xz-5.2.2\src\liblzma\common\filter_buffer_encoder.c': No such file or directory
  filter_common.c
c1 : fatal error C1083: Cannot open source file: 'C:\Users\jay\Documents\projects\desktop\src\runtime-envs\python-3.7-source\externals\xz-5.2.2\src\liblzma\common\filter_common.c': No such file or directory
  filter_decoder.c
c1 : fatal error C1083: Cannot open source file: 'C:\Users\jay\Documents\projects\desktop\src\runtime-envs\python-3.7-source\externals\xz-5.2.2\src\liblzma\common\filter_decoder.c': No such file or directory
  filter_encoder.c
c1 : fatal error C1083: Cannot open source file: 'C:\Users\jay\Documents\projects\desktop\src\runtime-envs\python-3.7-source\externals\xz-5.2.2\src\liblzma\common\filter_encoder.c': No such file or directory
  filter_flags_decoder.c
c1 : fatal error C1083: Cannot open source file: 'C:\Users\jay\Documents\projects\desktop\src\runtime-envs\python-3.7-source\externals\xz-5.2.2\src\liblzma\common\filter_flags_decoder.c': No such file or directory
  filter_flags_encoder.c
c1 : fatal error C1083: Cannot open source file: 'C:\Users\jay\Documents\projects\desktop\src\runtime-envs\python-3.7-source\externals\xz-5.2.2\src\liblzma\common\filter_flags_encoder.c': No such file or directory
  hardware_cputhreads.c
c1 : fatal error C1083: Cannot open source file: 'C:\Users\jay\Documents\projects\desktop\src\runtime-envs\python-3.7-source\externals\xz-5.2.2\src\liblzma\common\hardware_cputhreads.c': No such file or directory
  hardware_physmem.c
c1 : fatal error C1083: Cannot open source file: 'C:\Users\jay\Documents\projects\desktop\src\runtime-envs\python-3.7-source\externals\xz-5.2.2\src\liblzma\common\hardware_physmem.c': No such file or directory
  index.c
c1 : fatal error C1083: Cannot open source file: 'C:\Users\jay\Documents\projects\desktop\src\runtime-envs\python-3.7-source\externals\xz-5.2.2\src\liblzma\common\index.c': No such file or directory
  index_decoder.c
c1 : fatal error C1083: Cannot open source file: 'C:\Users\jay\Documents\projects\desktop\src\runtime-envs\python-3.7-source\externals\xz-5.2.2\src\liblzma\common\index_decoder.c': No such file or directory
  index_encoder.c
c1 : fatal error C1083: Cannot open source file: 'C:\Users\jay\Documents\projects\desktop\src\runtime-envs\python-3.7-source\externals\xz-5.2.2\src\liblzma\common\index_encoder.c': No such file or directory
  index_hash.c
c1 : fatal error C1083: Cannot open source file: 'C:\Users\jay\Documents\projects\desktop\src\runtime-envs\python-3.7-source\externals\xz-5.2.2\src\liblzma\common\index_hash.c': No such file or directory
  outqueue.c
c1 : fatal error C1083: Cannot open source file: 'C:\Users\jay\Documents\projects\desktop\src\runtime-envs\python-3.7-source\externals\xz-5.2.2\src\liblzma\common\outqueue.c': No such file or directory
  stream_buffer_decoder.c
c1 : fatal error C1083: Cannot open source file: 'C:\Users\jay\Documents\projects\desktop\src\runtime-envs\python-3.7-source\externals\xz-5.2.2\src\liblzma\common\stream_buffer_decoder.c': No such file or directory
  stream_buffer_encoder.c
c1 : fatal error C1083: Cannot open source file: 'C:\Users\jay\Documents\projects\desktop\src\runtime-envs\python-3.7-source\externals\xz-5.2.2\src\liblzma\common\stream_buffer_encoder.c': No such file or directory
  Generating Code...
  Compiling...
  stream_decoder.c
c1 : fatal error C1083: Cannot open source file: 'C:\Users\jay\Documents\projects\desktop\src\runtime-envs\python-3.7-source\externals\xz-5.2.2\src\liblzma\common\stream_decoder.c': No such file or directory
  stream_encoder.c
c1 : fatal error C1083: Cannot open source file: 'C:\Users\jay\Documents\projects\desktop\src\runtime-envs\python-3.7-source\externals\xz-5.2.2\src\liblzma\common\stream_encoder.c': No such file or directory
  stream_encoder_mt.c
c1 : fatal error C1083: Cannot open source file: 'C:\Users\jay\Documents\projects\desktop\src\runtime-envs\python-3.7-source\externals\xz-5.2.2\src\liblzma\common\stream_encoder_mt.c': No such file or directory
  stream_flags_common.c
c1 : fatal error C1083: Cannot open source file: 'C:\Users\jay\Documents\projects\desktop\src\runtime-envs\python-3.7-source\externals\xz-5.2.2\src\liblzma\common\stream_flags_common.c': No such file or directory
  stream_flags_decoder.c
c1 : fatal error C1083: Cannot open source file: 'C:\Users\jay\Documents\projects\desktop\src\runtime-envs\python-3.7-source\externals\xz-5.2.2\src\liblzma\common\stream_flags_decoder.c': No such file or directory
  stream_flags_encoder.c
c1 : fatal error C1083: Cannot open source file: 'C:\Users\jay\Documents\projects\desktop\src\runtime-envs\python-3.7-source\externals\xz-5.2.2\src\liblzma\common\stream_flags_encoder.c': No such file or directory
  vli_decoder.c
c1 : fatal error C1083: Cannot open source file: 'C:\Users\jay\Documents\projects\desktop\src\runtime-envs\python-3.7-source\externals\xz-5.2.2\src\liblzma\common\vli_decoder.c': No such file or directory
  vli_encoder.c
c1 : fatal error C1083: Cannot open source file: 'C:\Users\jay\Documents\projects\desktop\src\runtime-envs\python-3.7-source\externals\xz-5.2.2\src\liblzma\common\vli_encoder.c': No such file or directory
  vli_size.c
c1 : fatal error C1083: Cannot open source file: 'C:\Users\jay\Documents\projects\desktop\src\runtime-envs\python-3.7-source\externals\xz-5.2.2\src\liblzma\common\vli_size.c': No such file or directory
  delta_common.c
c1 : fatal error C1083: Cannot open source file: 'C:\Users\jay\Documents\projects\desktop\src\runtime-envs\python-3.7-source\externals\xz-5.2.2\src\liblzma\delta\delta_common.c': No such file or directory
  delta_decoder.c
c1 : fatal error C1083: Cannot open source file: 'C:\Users\jay\Documents\projects\desktop\src\runtime-envs\python-3.7-source\externals\xz-5.2.2\src\liblzma\delta\delta_decoder.c': No such file or directory
  delta_encoder.c
c1 : fatal error C1083: Cannot open source file: 'C:\Users\jay\Documents\projects\desktop\src\runtime-envs\python-3.7-source\externals\xz-5.2.2\src\liblzma\delta\delta_encoder.c': No such file or directory
  fastpos_table.c
c1 : fatal error C1083: Cannot open source file: 'C:\Users\jay\Documents\projects\desktop\src\runtime-envs\python-3.7-source\externals\xz-5.2.2\src\liblzma\lzma\fastpos_table.c': No such file or directory
  lzma2_decoder.c
c1 : fatal error C1083: Cannot open source file: 'C:\Users\jay\Documents\projects\desktop\src\runtime-envs\python-3.7-source\externals\xz-5.2.2\src\liblzma\lzma\lzma2_decoder.c': No such file or directory
  lzma2_encoder.c
c1 : fatal error C1083: Cannot open source file: 'C:\Users\jay\Documents\projects\desktop\src\runtime-envs\python-3.7-source\externals\xz-5.2.2\src\liblzma\lzma\lzma2_encoder.c': No such file or directory
  lzma_decoder.c
c1 : fatal error C1083: Cannot open source file: 'C:\Users\jay\Documents\projects\desktop\src\runtime-envs\python-3.7-source\externals\xz-5.2.2\src\liblzma\lzma\lzma_decoder.c': No such file or directory
  lzma_encoder.c
c1 : fatal error C1083: Cannot open source file: 'C:\Users\jay\Documents\projects\desktop\src\runtime-envs\python-3.7-source\externals\xz-5.2.2\src\liblzma\lzma\lzma_encoder.c': No such file or directory
  lzma_encoder_optimum_fast.c
c1 : fatal error C1083: Cannot open source file: 'C:\Users\jay\Documents\projects\desktop\src\runtime-envs\python-3.7-source\externals\xz-5.2.2\src\liblzma\lzma\lzma_encoder_optimum_fast.c': No such file or directory
  lzma_encoder_optimum_normal.c
c1 : fatal error C1083: Cannot open source file: 'C:\Users\jay\Documents\projects\desktop\src\runtime-envs\python-3.7-source\externals\xz-5.2.2\src\liblzma\lzma\lzma_encoder_optimum_normal.c': No such file or directory
  lzma_encoder_presets.c
c1 : fatal error C1083: Cannot open source file: 'C:\Users\jay\Documents\projects\desktop\src\runtime-envs\python-3.7-source\externals\xz-5.2.2\src\liblzma\lzma\lzma_encoder_presets.c': No such file or directory
  Generating Code...
  Compiling...
  lz_decoder.c
c1 : fatal error C1083: Cannot open source file: 'C:\Users\jay\Documents\projects\desktop\src\runtime-envs\python-3.7-source\externals\xz-5.2.2\src\liblzma\lz\lz_decoder.c': No such file or directory
  lz_encoder.c
c1 : fatal error C1083: Cannot open source file: 'C:\Users\jay\Documents\projects\desktop\src\runtime-envs\python-3.7-source\externals\xz-5.2.2\src\liblzma\lz\lz_encoder.c': No such file or directory
  lz_encoder_mf.c
c1 : fatal error C1083: Cannot open source file: 'C:\Users\jay\Documents\projects\desktop\src\runtime-envs\python-3.7-source\externals\xz-5.2.2\src\liblzma\lz\lz_encoder_mf.c': No such file or directory
  price_table.c
c1 : fatal error C1083: Cannot open source file: 'C:\Users\jay\Documents\projects\desktop\src\runtime-envs\python-3.7-source\externals\xz-5.2.2\src\liblzma\rangecoder\price_table.c': No such file or directory
  arm.c
c1 : fatal error C1083: Cannot open source file: 'C:\Users\jay\Documents\projects\desktop\src\runtime-envs\python-3.7-source\externals\xz-5.2.2\src\liblzma\simple\arm.c': No such file or directory
  armthumb.c
c1 : fatal error C1083: Cannot open source file: 'C:\Users\jay\Documents\projects\desktop\src\runtime-envs\python-3.7-source\externals\xz-5.2.2\src\liblzma\simple\armthumb.c': No such file or directory
  ia64.c
c1 : fatal error C1083: Cannot open source file: 'C:\Users\jay\Documents\projects\desktop\src\runtime-envs\python-3.7-source\externals\xz-5.2.2\src\liblzma\simple\ia64.c': No such file or directory
  powerpc.c
c1 : fatal error C1083: Cannot open source file: 'C:\Users\jay\Documents\projects\desktop\src\runtime-envs\python-3.7-source\externals\xz-5.2.2\src\liblzma\simple\powerpc.c': No such file or directory
  simple_coder.c
c1 : fatal error C1083: Cannot open source file: 'C:\Users\jay\Documents\projects\desktop\src\runtime-envs\python-3.7-source\externals\xz-5.2.2\src\liblzma\simple\simple_coder.c': No such file or directory
  simple_decoder.c
c1 : fatal error C1083: Cannot open source file: 'C:\Users\jay\Documents\projects\desktop\src\runtime-envs\python-3.7-source\externals\xz-5.2.2\src\liblzma\simple\simple_decoder.c': No such file or directory
  simple_encoder.c
c1 : fatal error C1083: Cannot open source file: 'C:\Users\jay\Documents\projects\desktop\src\runtime-envs\python-3.7-source\externals\xz-5.2.2\src\liblzma\simple\simple_encoder.c': No such file or directory
  sparc.c
c1 : fatal error C1083: Cannot open source file: 'C:\Users\jay\Documents\projects\desktop\src\runtime-envs\python-3.7-source\externals\xz-5.2.2\src\liblzma\simple\sparc.c': No such file or directory
  x86.c
c1 : fatal error C1083: Cannot open source file: 'C:\Users\jay\Documents\projects\desktop\src\runtime-envs\python-3.7-source\externals\xz-5.2.2\src\liblzma\simple\x86.c': No such file or directory
  Generating Code...
